[INFO ] 2020-09-27 22:15:07.293 [main] CreateNewAccount - OpenAndVerifyHomePage
[INFO ] 2020-09-27 22:15:07.418 [main] CreateNewAccount - OpenAndVerifyHomePage
[INFO ] 2020-09-27 22:15:07.422 [main] CreateNewAccount - NavigateToLogin
[INFO ] 2020-09-27 22:15:39.967 [main] CreateNewAccount - OpenAndVerifyHomePage
[INFO ] 2020-09-27 22:15:40.060 [main] CreateNewAccount - OpenAndVerifyHomePage
[INFO ] 2020-09-27 22:15:40.062 [main] CreateNewAccount - NavigateToLogin
[INFO ] 2020-09-27 22:17:00.485 [main] CreateNewAccount - OpenAndVerifyHomePage
[INFO ] 2020-09-27 22:17:00.593 [main] CreateNewAccount - OpenAndVerifyHomePage
[INFO ] 2020-09-27 22:17:00.596 [main] CreateNewAccount - NavigateToLogin
[INFO ] 2020-09-27 22:18:02.053 [main] CreateNewAccount - OpenAndVerifyHomePage
[INFO ] 2020-09-27 22:18:02.142 [main] CreateNewAccount - OpenAndVerifyHomePage
[INFO ] 2020-09-27 22:18:02.146 [main] CreateNewAccount - NavigateToLogin
[INFO ] 2020-09-27 22:19:50.833 [main] CreateNewAccount - OpenAndVerifyHomePage
[INFO ] 2020-09-27 22:19:50.914 [main] CreateNewAccount - OpenAndVerifyHomePage
[INFO ] 2020-09-27 22:19:50.917 [main] CreateNewAccount - NavigateToLogin
[INFO ] 2020-09-27 22:35:10.779 [main] CreateNewAccount - OpenAndVerifyHomePage
[INFO ] 2020-09-27 22:35:10.882 [main] CreateNewAccount - OpenAndVerifyHomePage
[INFO ] 2020-09-27 22:35:10.886 [main] CreateNewAccount - NavigateToLogin
[INFO ] 2020-09-27 22:36:29.904 [main] CreateNewAccount - OpenAndVerifyHomePage
[INFO ] 2020-09-27 22:36:30.002 [main] CreateNewAccount - OpenAndVerifyHomePage
[INFO ] 2020-09-27 22:36:30.006 [main] CreateNewAccount - NavigateToLogin
[INFO ] 2020-09-27 22:37:33.002 [main] CreateNewAccount - OpenAndVerifyHomePage
[INFO ] 2020-09-27 22:37:33.106 [main] CreateNewAccount - OpenAndVerifyHomePage
[INFO ] 2020-09-27 22:37:33.109 [main] CreateNewAccount - NavigateToLogin
[INFO ] 2020-09-27 22:50:30.337 [main] CreateNewAccount - OpenAndVerifyHomePage
[INFO ] 2020-09-27 22:50:30.434 [main] CreateNewAccount - OpenAndVerifyHomePage
[INFO ] 2020-09-27 22:50:30.437 [main] CreateNewAccount - NavigateToLogin
[INFO ] 2020-09-27 22:51:59.610 [main] CreateNewAccount - OpenAndVerifyHomePage
[INFO ] 2020-09-27 22:51:59.730 [main] CreateNewAccount - OpenAndVerifyHomePage
[INFO ] 2020-09-27 22:51:59.735 [main] CreateNewAccount - NavigateToLogin
[INFO ] 2020-09-27 22:52:01.440 [main] CreateNewAccount - VerifyLoginPageAndNavigateToRegister
[INFO ] 2020-09-27 22:52:01.884 [main] CreateNewAccount - CreateNewAccount
[INFO ] 2020-09-27 22:52:07.249 [main] CreateNewAccount - VerifyMyAccountPageIsLoaded
[INFO ] 2020-09-27 22:55:07.163 [main] CreateNewAccount - OpenAndVerifyHomePage
[INFO ] 2020-09-27 22:55:07.254 [main] CreateNewAccount - OpenAndVerifyHomePage
[INFO ] 2020-09-27 22:55:07.256 [main] CreateNewAccount - NavigateToLogin
[INFO ] 2020-09-27 22:55:09.117 [main] CreateNewAccount - VerifyLoginPageAndNavigateToRegister
[INFO ] 2020-09-27 22:55:09.524 [main] CreateNewAccount - CreateNewAccount
[INFO ] 2020-09-27 22:55:14.859 [main] CreateNewAccount - VerifyMyAccountPageIsLoaded
[INFO ] 2020-09-27 22:57:29.926 [main] CreateNewAccount - OpenAndVerifyHomePage
[INFO ] 2020-09-27 22:57:30.007 [main] CreateNewAccount - OpenAndVerifyHomePage
[INFO ] 2020-09-27 22:57:30.009 [main] CreateNewAccount - NavigateToLogin
[INFO ] 2020-09-27 22:57:33.097 [main] CreateNewAccount - VerifyLoginPageAndNavigateToRegister
[INFO ] 2020-09-27 22:57:33.506 [main] CreateNewAccount - CreateNewAccount
[INFO ] 2020-09-27 22:57:41.325 [main] CreateNewAccount - VerifyMyAccountPageIsLoaded
[INFO ] 2020-09-27 22:59:04.434 [main] CreateNewAccount - OpenAndVerifyHomePage
[INFO ] 2020-09-27 22:59:04.527 [main] CreateNewAccount - OpenAndVerifyHomePage
[INFO ] 2020-09-27 22:59:04.530 [main] CreateNewAccount - NavigateToLogin
[INFO ] 2020-09-27 22:59:06.223 [main] CreateNewAccount - VerifyLoginPageAndNavigateToRegister
[INFO ] 2020-09-27 22:59:06.650 [main] CreateNewAccount - CreateNewAccount
[INFO ] 2020-09-27 22:59:11.519 [main] CreateNewAccount - VerifyMyAccountPageIsLoaded
[INFO ] 2020-09-27 23:00:43.704 [main] CreateNewAccount - OpenAndVerifyHomePage
[INFO ] 2020-09-27 23:00:43.793 [main] CreateNewAccount - OpenAndVerifyHomePage
[INFO ] 2020-09-27 23:00:44.731 [main] CreateNewAccount - NavigateToLogin
[INFO ] 2020-09-27 23:01:42.613 [main] CreateNewAccount - OpenAndVerifyHomePage
[INFO ] 2020-09-27 23:01:42.712 [main] CreateNewAccount - OpenAndVerifyHomePage
[INFO ] 2020-09-27 23:01:42.716 [main] CreateNewAccount - NavigateToLogin
[INFO ] 2020-09-27 23:01:44.628 [main] CreateNewAccount - VerifyLoginPageAndNavigateToRegister
[INFO ] 2020-09-27 23:01:45.043 [main] CreateNewAccount - CreateNewAccount
[INFO ] 2020-09-27 23:01:50.293 [main] CreateNewAccount - VerifyMyAccountPageIsLoaded
[INFO ] 2020-09-27 23:06:08.526 [main] CreateNewAccount - OpenAndVerifyHomePage
[INFO ] 2020-09-27 23:06:08.632 [main] CreateNewAccount - OpenAndVerifyHomePage
[INFO ] 2020-09-27 23:06:08.639 [main] CreateNewAccount - NavigateToLogin
[INFO ] 2020-09-27 23:06:10.793 [main] CreateNewAccount - VerifyLoginPageAndNavigateToRegister
[INFO ] 2020-09-27 23:06:11.229 [main] CreateNewAccount - CreateNewAccount
[INFO ] 2020-09-27 23:06:17.032 [main] CreateNewAccount - VerifyMyAccountPageIsLoaded
[INFO ] 2020-09-27 23:10:29.183 [main] CreateNewAccount - OpenAndVerifyHomePage
[INFO ] 2020-09-27 23:10:29.292 [main] CreateNewAccount - OpenAndVerifyHomePage
[INFO ] 2020-09-27 23:10:29.296 [main] CreateNewAccount - NavigateToLogin
[INFO ] 2020-09-27 23:10:32.273 [main] CreateNewAccount - VerifyLoginPageAndNavigateToRegister
[INFO ] 2020-09-27 23:10:33.362 [main] CreateNewAccount - CreateNewAccount
[INFO ] 2020-09-27 23:10:38.848 [main] CreateNewAccount - VerifyMyAccountPageIsLoaded
[INFO ] 2020-09-27 23:12:12.714 [main] CreateNewAccount - OpenAndVerifyHomePage
[INFO ] 2020-09-27 23:12:12.809 [main] CreateNewAccount - OpenAndVerifyHomePage
[INFO ] 2020-09-27 23:12:12.812 [main] CreateNewAccount - NavigateToLogin
[INFO ] 2020-09-27 23:12:13.942 [main] CreateNewAccount - VerifyLoginPageAndNavigateToRegister
[INFO ] 2020-09-27 23:12:15.021 [main] CreateNewAccount - CreateNewAccount
[INFO ] 2020-09-27 23:12:20.314 [main] CreateNewAccount - VerifyMyAccountPageIsLoaded
[INFO ] 2020-09-27 23:13:56.918 [main] CreateNewAccount - OpenAndVerifyHomePage
[INFO ] 2020-09-27 23:13:57.633 [main] CreateNewAccount - OpenAndVerifyHomePage
[INFO ] 2020-09-27 23:13:57.638 [main] CreateNewAccount - NavigateToLogin
[INFO ] 2020-09-27 23:13:59.297 [main] CreateNewAccount - VerifyLoginPageAndNavigateToRegister
[INFO ] 2020-09-27 23:14:00.139 [main] CreateNewAccount - CreateNewAccount
[INFO ] 2020-09-27 23:14:05.726 [main] CreateNewAccount - VerifyMyAccountPageIsLoaded
[INFO ] 2020-09-27 23:14:57.980 [main] CreateNewAccount - OpenAndVerifyHomePage
[INFO ] 2020-09-27 23:14:58.085 [main] CreateNewAccount - OpenAndVerifyHomePage
[INFO ] 2020-09-27 23:14:58.089 [main] CreateNewAccount - NavigateToLogin
[INFO ] 2020-09-27 23:14:59.477 [main] CreateNewAccount - VerifyLoginPageAndNavigateToRegister
[INFO ] 2020-09-27 23:15:00.444 [main] CreateNewAccount - CreateNewAccount
[INFO ] 2020-09-27 23:15:05.970 [main] CreateNewAccount - VerifyMyAccountPageIsLoaded
[INFO ] 2020-09-28 15:09:36.030 [main] CreateNewAccount - OpenAndVerifyHomePage
[INFO ] 2020-09-28 15:09:36.172 [main] CreateNewAccount - OpenAndVerifyHomePage
[INFO ] 2020-09-28 15:09:36.176 [main] CreateNewAccount - NavigateToLogin
[INFO ] 2020-09-28 15:09:37.600 [main] CreateNewAccount - VerifyLoginPageAndNavigateToRegister
[INFO ] 2020-09-28 15:09:38.648 [main] CreateNewAccount - CreateNewAccount
[INFO ] 2020-09-28 15:09:44.186 [main] CreateNewAccount - VerifyMyAccountPageIsLoaded
[INFO ] 2020-09-28 15:29:13.074 [main] CreateNewAccount - OpenAndVerifyHomePage
[INFO ] 2020-09-28 15:29:13.210 [main] CreateNewAccount - OpenAndVerifyHomePage
[INFO ] 2020-09-28 15:29:13.211 [main] CreateNewAccount - NavigateToLogin
[INFO ] 2020-09-28 15:29:15.202 [main] CreateNewAccount - VerifyLoginPageAndNavigateToRegister
[INFO ] 2020-09-28 15:29:16.082 [main] CreateNewAccount - CreateNewAccount
[INFO ] 2020-09-28 15:29:20.753 [main] CreateNewAccount - VerifyMyAccountPageIsLoaded
[INFO ] 2020-09-28 15:30:36.132 [main] CreateNewAccount - OpenAndVerifyHomePage
[INFO ] 2020-09-28 15:30:36.281 [main] CreateNewAccount - OpenAndVerifyHomePage
[INFO ] 2020-09-28 15:30:36.282 [main] CreateNewAccount - NavigateToLogin
[INFO ] 2020-09-28 15:30:37.380 [main] CreateNewAccount - VerifyLoginPageAndNavigateToRegister
[INFO ] 2020-09-28 15:30:38.318 [main] CreateNewAccount - CreateNewAccount
[INFO ] 2020-09-28 15:30:43.437 [main] CreateNewAccount - VerifyMyAccountPageIsLoaded
[INFO ] 2020-09-28 15:38:48.420 [main] CreateNewAccount - OpenAndVerifyHomePage
[INFO ] 2020-09-28 15:40:14.022 [main] CreateNewAccount - OpenAndVerifyHomePage
[INFO ] 2020-09-28 15:40:14.128 [main] CreateNewAccount - OpenAndVerifyHomePage
[INFO ] 2020-09-28 15:40:14.128 [main] CreateNewAccount - NavigateToLogin
[INFO ] 2020-09-28 15:40:15.390 [main] CreateNewAccount - VerifyLoginPageAndNavigateToRegister
[INFO ] 2020-09-28 15:40:16.239 [main] CreateNewAccount - CreateNewAccount
[INFO ] 2020-09-28 15:40:20.949 [main] CreateNewAccount - VerifyMyAccountPageIsLoaded
[INFO ] 2020-09-28 15:41:38.720 [TestNG-tests-1] CreateNewAccount - OpenAndVerifyHomePage
[INFO ] 2020-09-28 15:41:38.813 [TestNG-tests-1] CreateNewAccount - OpenAndVerifyHomePage
[INFO ] 2020-09-28 15:41:38.813 [TestNG-tests-1] CreateNewAccount - NavigateToLogin
[INFO ] 2020-09-28 15:41:42.197 [TestNG-tests-1] CreateNewAccount - VerifyLoginPageAndNavigateToRegister
[INFO ] 2020-09-28 15:41:43.141 [TestNG-tests-1] CreateNewAccount - CreateNewAccount
[INFO ] 2020-09-28 15:41:49.895 [TestNG-tests-1] CreateNewAccount - VerifyMyAccountPageIsLoaded
[INFO ] 2020-09-28 15:43:17.281 [TestNG-tests-1] CreateNewAccount - OpenAndVerifyHomePage
[INFO ] 2020-09-28 15:43:17.439 [TestNG-tests-1] CreateNewAccount - OpenAndVerifyHomePage
[INFO ] 2020-09-28 15:43:17.440 [TestNG-tests-1] CreateNewAccount - NavigateToLogin
[INFO ] 2020-09-28 15:43:18.974 [TestNG-tests-1] CreateNewAccount - VerifyLoginPageAndNavigateToRegister
[INFO ] 2020-09-28 15:43:20.324 [TestNG-tests-1] CreateNewAccount - CreateNewAccount
[INFO ] 2020-09-28 15:43:25.852 [TestNG-tests-1] CreateNewAccount - VerifyMyAccountPageIsLoaded
