[INFO ] 2021-07-14 20:40:46.175 [TestNG-tests-1] CreateNewAccount - OpenAndVerifyHomePage
[INFO ] 2021-07-14 20:40:48.463 [TestNG-tests-1] CreateNewAccount - OpenAndVerifyHomePage
[INFO ] 2021-07-14 20:40:48.463 [TestNG-tests-1] CreateNewAccount - NavigateToLogin
[INFO ] 2021-07-14 20:40:51.353 [TestNG-tests-1] CreateNewAccount - VerifyLoginPageAndNavigateToRegister
[INFO ] 2021-07-14 20:40:51.982 [TestNG-tests-1] CreateNewAccount - CreateNewAccount
[INFO ] 2021-07-14 20:40:58.356 [TestNG-tests-1] CreateNewAccount - VerifyMyAccountPageIsLoaded
[INFO ] 2021-07-14 21:21:40.531 [TestNG-tests-1] CreateNewAccount - OpenAndVerifyHomePage
[INFO ] 2021-07-14 21:26:06.173 [TestNG-tests-1] CreateNewAccount - OpenAndVerifyHomePage
[INFO ] 2021-07-14 21:26:53.724 [TestNG-tests-1] CreateNewAccount - OpenAndVerifyHomePage
[INFO ] 2021-07-14 21:29:19.716 [TestNG-tests-1] CreateNewAccount - OpenAndVerifyHomePage
[INFO ] 2021-07-14 21:49:20.870 [TestNG-tests-1] CreateNewAccount - OpenAndVerifyHomePage
[INFO ] 2021-07-14 21:51:01.041 [TestNG-tests-1] CreateNewAccount - OpenAndVerifyHomePage
[INFO ] 2021-07-14 21:51:03.694 [TestNG-tests-1] CreateNewAccount - OpenAndVerifyHomePage
[INFO ] 2021-07-14 21:51:03.694 [TestNG-tests-1] CreateNewAccount - NavigateToLogin
[INFO ] 2021-07-14 21:52:35.308 [TestNG-tests-1] CreateNewAccount - OpenAndVerifyHomePage
[INFO ] 2021-07-14 21:52:37.380 [TestNG-tests-1] CreateNewAccount - OpenAndVerifyHomePage
[INFO ] 2021-07-14 21:52:37.380 [TestNG-tests-1] CreateNewAccount - NavigateToLogin
[INFO ] 2021-07-14 21:54:06.901 [TestNG-tests-1] CreateNewAccount - OpenAndVerifyHomePage
[INFO ] 2021-07-14 21:54:11.349 [TestNG-tests-1] CreateNewAccount - OpenAndVerifyHomePage
[INFO ] 2021-07-14 21:54:11.350 [TestNG-tests-1] CreateNewAccount - NavigateToLogin
[INFO ] 2021-07-14 22:07:59.199 [TestNG-tests-1] CreateNewAccount - OpenAndVerifyHomePage
[INFO ] 2021-07-14 22:08:01.881 [TestNG-tests-1] CreateNewAccount - OpenAndVerifyHomePage
[INFO ] 2021-07-14 22:08:01.881 [TestNG-tests-1] CreateNewAccount - NavigateToLogin
[INFO ] 2021-07-14 22:10:49.053 [TestNG-tests-1] CreateNewAccount - OpenAndVerifyHomePage
[INFO ] 2021-07-14 22:10:51.736 [TestNG-tests-1] CreateNewAccount - OpenAndVerifyHomePage
[INFO ] 2021-07-14 22:10:51.737 [TestNG-tests-1] CreateNewAccount - NavigateToLogin
[INFO ] 2021-07-14 22:12:09.267 [TestNG-tests-1] CreateNewAccount - OpenAndVerifyHomePage
[INFO ] 2021-07-14 22:12:12.027 [TestNG-tests-1] CreateNewAccount - OpenAndVerifyHomePage
[INFO ] 2021-07-14 22:12:12.027 [TestNG-tests-1] CreateNewAccount - NavigateToLogin
[INFO ] 2021-07-14 22:42:43.331 [TestNG-tests-1] CreateNewAccount - OpenAndVerifyHomePage
[INFO ] 2021-07-14 22:42:45.366 [TestNG-tests-1] CreateNewAccount - OpenAndVerifyHomePage
[INFO ] 2021-07-14 22:42:45.366 [TestNG-tests-1] CreateNewAccount - NavigateToLogin
[INFO ] 2021-07-14 22:56:50.772 [TestNG-tests-1] CreateNewAccount - OpenAndVerifyHomePage
[INFO ] 2021-07-14 22:56:53.316 [TestNG-tests-1] CreateNewAccount - OpenAndVerifyHomePage
[INFO ] 2021-07-14 22:56:53.317 [TestNG-tests-1] CreateNewAccount - NavigateToLogin
[INFO ] 2021-07-14 22:59:48.723 [TestNG-tests-1] CreateNewAccount - OpenAndVerifyHomePage
[INFO ] 2021-07-14 22:59:50.893 [TestNG-tests-1] CreateNewAccount - OpenAndVerifyHomePage
[INFO ] 2021-07-14 22:59:50.894 [TestNG-tests-1] CreateNewAccount - NavigateToLogin
[INFO ] 2021-07-14 23:02:59.276 [TestNG-tests-1] CreateNewAccount - OpenAndVerifyHomePage
[INFO ] 2021-07-14 23:03:02.589 [TestNG-tests-1] CreateNewAccount - OpenAndVerifyHomePage
[INFO ] 2021-07-14 23:03:02.589 [TestNG-tests-1] CreateNewAccount - NavigateToLogin
[INFO ] 2021-07-14 23:04:34.468 [TestNG-tests-1] CreateNewAccount - OpenAndVerifyHomePage
[INFO ] 2021-07-14 23:04:36.867 [TestNG-tests-1] CreateNewAccount - OpenAndVerifyHomePage
[INFO ] 2021-07-14 23:04:36.868 [TestNG-tests-1] CreateNewAccount - NavigateToLogin
[INFO ] 2021-07-14 23:06:36.675 [TestNG-tests-1] CreateNewAccount - OpenAndVerifyHomePage
[INFO ] 2021-07-14 23:06:40.687 [TestNG-tests-1] CreateNewAccount - OpenAndVerifyHomePage
[INFO ] 2021-07-14 23:06:40.687 [TestNG-tests-1] CreateNewAccount - NavigateToLogin
[INFO ] 2021-07-14 23:14:54.118 [TestNG-tests-1] CreateNewAccount - OpenAndVerifyHomePage
[INFO ] 2021-07-14 23:14:56.694 [TestNG-tests-1] CreateNewAccount - OpenAndVerifyHomePage
[INFO ] 2021-07-14 23:14:56.695 [TestNG-tests-1] CreateNewAccount - NavigateToLogin
[INFO ] 2021-07-14 23:15:58.151 [TestNG-tests-1] CreateNewAccount - OpenAndVerifyHomePage
[INFO ] 2021-07-14 23:16:00.469 [TestNG-tests-1] CreateNewAccount - OpenAndVerifyHomePage
[INFO ] 2021-07-14 23:16:00.470 [TestNG-tests-1] CreateNewAccount - NavigateToLogin
[INFO ] 2021-07-14 23:17:26.686 [TestNG-tests-1] CreateNewAccount - OpenAndVerifyHomePage
[INFO ] 2021-07-14 23:17:29.814 [TestNG-tests-1] CreateNewAccount - OpenAndVerifyHomePage
[INFO ] 2021-07-14 23:17:29.814 [TestNG-tests-1] CreateNewAccount - NavigateToLogin
[INFO ] 2021-07-14 23:20:16.515 [TestNG-tests-1] CreateNewAccount - OpenAndVerifyHomePage
[INFO ] 2021-07-14 23:20:19.300 [TestNG-tests-1] CreateNewAccount - OpenAndVerifyHomePage
[INFO ] 2021-07-14 23:20:19.301 [TestNG-tests-1] CreateNewAccount - NavigateToLogin
[INFO ] 2021-07-14 23:29:03.963 [TestNG-tests-1] CreateNewAccount - OpenAndVerifyHomePage
[INFO ] 2021-07-14 23:29:05.953 [TestNG-tests-1] CreateNewAccount - OpenAndVerifyHomePage
[INFO ] 2021-07-14 23:29:05.953 [TestNG-tests-1] CreateNewAccount - NavigateToLogin
[INFO ] 2021-07-14 23:34:44.725 [TestNG-tests-1] ScenarioOne - OpenAndVerifyHomePage
[INFO ] 2021-07-14 23:34:47.200 [TestNG-tests-1] ScenarioOne - OpenAndVerifyHomePage
[INFO ] 2021-07-14 23:34:47.200 [TestNG-tests-1] ScenarioOne - NavigateToLogin
[INFO ] 2021-07-14 23:42:08.327 [TestNG-tests-1] ScenarioOne - OpenAndVerifyHomePage
[INFO ] 2021-07-14 23:42:10.292 [TestNG-tests-1] ScenarioOne - OpenAndVerifyHomePage
[INFO ] 2021-07-14 23:42:10.292 [TestNG-tests-1] ScenarioOne - NavigateToLogin
[INFO ] 2021-07-14 23:44:51.719 [TestNG-tests-1] ScenarioOne - OpenAndVerifyHomePage
[INFO ] 2021-07-14 23:44:55.106 [TestNG-tests-1] ScenarioOne - OpenAndVerifyHomePage
[INFO ] 2021-07-14 23:44:55.106 [TestNG-tests-1] ScenarioOne - NavigateToLogin
[INFO ] 2021-07-14 23:46:08.670 [TestNG-tests-1] ScenarioOne - OpenAndVerifyHomePage
[INFO ] 2021-07-14 23:46:11.195 [TestNG-tests-1] ScenarioOne - OpenAndVerifyHomePage
[INFO ] 2021-07-14 23:46:11.195 [TestNG-tests-1] ScenarioOne - NavigateToLogin
[INFO ] 2021-07-14 23:48:01.556 [TestNG-tests-1] ScenarioOne - OpenAndVerifyHomePage
[INFO ] 2021-07-14 23:48:03.940 [TestNG-tests-1] ScenarioOne - OpenAndVerifyHomePage
[INFO ] 2021-07-14 23:48:03.940 [TestNG-tests-1] ScenarioOne - NavigateToLogin
[INFO ] 2021-07-14 23:56:01.464 [TestNG-tests-1] ScenarioOne - OpenAndVerifyHomePage
[INFO ] 2021-07-14 23:56:03.671 [TestNG-tests-1] ScenarioOne - OpenAndVerifyHomePage
[INFO ] 2021-07-14 23:56:03.672 [TestNG-tests-1] ScenarioOne - NavigateToLogin
[INFO ] 2021-07-14 23:57:04.803 [TestNG-tests-1] ScenarioOne - OpenAndVerifyHomePage
[INFO ] 2021-07-14 23:57:07.472 [TestNG-tests-1] ScenarioOne - OpenAndVerifyHomePage
[INFO ] 2021-07-14 23:57:07.472 [TestNG-tests-1] ScenarioOne - NavigateToLogin
[INFO ] 2021-07-14 23:58:23.996 [TestNG-tests-1] ScenarioOne - OpenAndVerifyHomePage
[INFO ] 2021-07-14 23:58:27.281 [TestNG-tests-1] ScenarioOne - OpenAndVerifyHomePage
[INFO ] 2021-07-14 23:58:27.281 [TestNG-tests-1] ScenarioOne - NavigateToLogin
