[INFO ] 2021-07-15 00:00:15.252 [TestNG-tests-1] ScenarioOne - OpenAndVerifyHomePage
[INFO ] 2021-07-15 00:00:18.988 [TestNG-tests-1] ScenarioOne - OpenAndVerifyHomePage
[INFO ] 2021-07-15 00:00:18.989 [TestNG-tests-1] ScenarioOne - NavigateToLogin
[INFO ] 2021-07-15 00:41:21.007 [TestNG-tests-1] ScenarioOne - Open and Verify Hope Page
[INFO ] 2021-07-15 00:41:23.352 [TestNG-tests-1] ScenarioOne - OpenAndVerifyHomePage
[INFO ] 2021-07-15 00:41:23.353 [TestNG-tests-1] ScenarioOne - Search For items above 1.5 years
[INFO ] 2021-07-15 00:41:32.622 [TestNG-tests-1] ScenarioOne - Select Items and go to Cart
[INFO ] 2021-07-15 00:41:34.737 [TestNG-tests-1] ScenarioOne - Verify Checkout page
[INFO ] 2021-07-15 00:41:36.120 [TestNG-tests-1] ScenarioOne - Navigate To Payment
[INFO ] 2021-07-15 00:42:06.994 [TestNG-tests-1] ScenarioOne - Open and Verify Hope Page
[INFO ] 2021-07-15 00:42:09.236 [TestNG-tests-1] ScenarioOne - OpenAndVerifyHomePage
[INFO ] 2021-07-15 00:42:09.236 [TestNG-tests-1] ScenarioOne - Search For items above 1.5 years
[INFO ] 2021-07-15 00:42:19.278 [TestNG-tests-1] ScenarioOne - Select Items and go to Cart
[INFO ] 2021-07-15 00:42:20.894 [TestNG-tests-1] ScenarioOne - Verify Checkout page
[INFO ] 2021-07-15 00:49:05.923 [TestNG-tests-1] ScenarioOne - Open and Verify Hope Page
[INFO ] 2021-07-15 00:49:08.389 [TestNG-tests-1] ScenarioOne - OpenAndVerifyHomePage
[INFO ] 2021-07-15 00:49:08.389 [TestNG-tests-1] ScenarioOne - Search For items above 1.5 years
[INFO ] 2021-07-15 00:49:18.052 [TestNG-tests-1] ScenarioOne - Select Items and go to Cart
[INFO ] 2021-07-15 00:50:23.266 [TestNG-tests-1] ScenarioOne - Open and Verify Hope Page
[INFO ] 2021-07-15 00:50:25.551 [TestNG-tests-1] ScenarioOne - OpenAndVerifyHomePage
[INFO ] 2021-07-15 00:50:25.552 [TestNG-tests-1] ScenarioOne - Search For items above 1.5 years
[INFO ] 2021-07-15 00:50:39.770 [TestNG-tests-1] ScenarioOne - Select Items and go to Cart
[INFO ] 2021-07-15 00:50:41.077 [TestNG-tests-1] ScenarioOne - Verify Checkout page
[INFO ] 2021-07-15 00:58:17.245 [TestNG-tests-1] ScenarioOne - Open and Verify Hope Page
[INFO ] 2021-07-15 00:58:20.247 [TestNG-tests-1] ScenarioOne - OpenAndVerifyHomePage
[INFO ] 2021-07-15 00:58:20.248 [TestNG-tests-1] ScenarioOne - Search For items above 1.5 years
[INFO ] 2021-07-15 00:58:29.936 [TestNG-tests-1] ScenarioOne - Select Items and go to Cart
[INFO ] 2021-07-15 00:58:31.525 [TestNG-tests-1] ScenarioOne - Verify Checkout page
[INFO ] 2021-07-15 00:59:55.083 [TestNG-tests-1] ScenarioOne - Open and Verify Hope Page
[INFO ] 2021-07-15 00:59:57.095 [TestNG-tests-1] ScenarioOne - OpenAndVerifyHomePage
[INFO ] 2021-07-15 00:59:57.096 [TestNG-tests-1] ScenarioOne - Search For items above 1.5 years
[INFO ] 2021-07-15 01:00:07.230 [TestNG-tests-1] ScenarioOne - Select Items and go to Cart
[INFO ] 2021-07-15 01:00:08.717 [TestNG-tests-1] ScenarioOne - Verify Checkout page
[INFO ] 2021-07-15 01:00:09.850 [TestNG-tests-1] ScenarioOne - Navigate To Payment
[INFO ] 2021-07-15 01:03:45.509 [TestNG-tests-1] ScenarioOne - Open and Verify Hope Page
[INFO ] 2021-07-15 01:03:47.885 [TestNG-tests-1] ScenarioOne - OpenAndVerifyHomePage
[INFO ] 2021-07-15 01:03:47.885 [TestNG-tests-1] ScenarioOne - Search For items above 1.5 years
[INFO ] 2021-07-15 01:03:57.768 [TestNG-tests-1] ScenarioOne - Select Items and go to Cart
[INFO ] 2021-07-15 01:03:59.241 [TestNG-tests-1] ScenarioOne - Verify Checkout page
[INFO ] 2021-07-15 01:04:00.342 [TestNG-tests-1] ScenarioOne - Navigate To Payment
